#! /usr/local/bin/vvp
:ivl_version "11.0 (devel)" "(s20150603-841-gcf44f05c)";
:ivl_delay_selection "TYPICAL";
:vpi_time_precision + 0;
:vpi_module "/usr/local/lib/ivl/system.vpi";
:vpi_module "/usr/local/lib/ivl/vhdl_sys.vpi";
:vpi_module "/usr/local/lib/ivl/vhdl_textio.vpi";
:vpi_module "/usr/local/lib/ivl/v2005_math.vpi";
:vpi_module "/usr/local/lib/ivl/va_math.vpi";
S_0x55eba8c7e950 .scope module, "iq_testbench" "iq_testbench" 2 3;
 .timescale 0 0;
    .port_info 0 /INPUT 1 "clk";
v0x55eba8cd9a60_0 .var "Address_in", 47 0;
v0x55eba8cd9b40_0 .net "Address_out", 0 0, L_0x55eba8cdb180;  1 drivers
v0x55eba8cd9be0_0 .var "Destination_in", 4 0;
v0x55eba8cd9c80_0 .net "Destination_out", 0 0, L_0x55eba8cdaf40;  1 drivers
v0x55eba8cd9d20_0 .var "HasAddress_in", 0 0;
v0x55eba8cd9dc0_0 .net "HasAddress_out", 0 0, v0x55eba8cd8700_0;  1 drivers
v0x55eba8cd9e60_0 .var "MajorOpcode_in", 3 0;
v0x55eba8cd9f00_0 .net "MajorOpcode_out", 0 0, L_0x55eba8cdab10;  1 drivers
v0x55eba8cd9fa0_0 .var "MinorOpcode_in", 3 0;
v0x55eba8cda070_0 .net "MinorOpcode_out", 0 0, L_0x55eba8cdb040;  1 drivers
v0x55eba8cda110_0 .var "OffsetScale_in", 1 0;
v0x55eba8cda200_0 .net "OffsetScale_out", 0 0, L_0x55eba8cdae10;  1 drivers
v0x55eba8cda2a0_0 .var "OffsetSub_in", 0 0;
v0x55eba8cda370_0 .net "OffsetSub_out", 0 0, v0x55eba8cd8dc0_0;  1 drivers
v0x55eba8cda440_0 .var "Source1_in", 4 0;
v0x55eba8cda510_0 .net "Source1_out", 0 0, L_0x55eba8cdac10;  1 drivers
v0x55eba8cda5b0_0 .var "Source2_in", 4 0;
v0x55eba8cda680_0 .net "Source2_out", 0 0, L_0x55eba8cdad10;  1 drivers
o0x7f252821da08 .functor BUFZ 1, C4<z>; HiZ drive
v0x55eba8cda720_0 .net "clk", 0 0, o0x7f252821da08;  0 drivers
v0x55eba8cda7e0_0 .var "r_CLOCK", 0 0;
v0x55eba8cda8b0_0 .var "stall_in", 0 0;
v0x55eba8cda980_0 .net "stall_out", 0 0, v0x55eba8cd9620_0;  1 drivers
v0x55eba8cdaa50_0 .var/i "test_num", 31 0;
L_0x55eba8cdab10 .part v0x55eba8cd88a0_0, 0, 1;
L_0x55eba8cdac10 .part v0x55eba8cd8f60_0, 0, 1;
L_0x55eba8cdad10 .part v0x55eba8cd9120_0, 0, 1;
L_0x55eba8cdae10 .part v0x55eba8cd8c20_0, 0, 1;
L_0x55eba8cdaf40 .part v0x55eba8cd8510_0, 0, 1;
L_0x55eba8cdb040 .part v0x55eba8cd8a60_0, 0, 1;
L_0x55eba8cdb180 .part v0x55eba8cd8370_0, 0, 1;
S_0x55eba8cbc180 .scope module, "q" "instruction_queue" 2 36, 3 16 0, S_0x55eba8c7e950;
 .timescale 0 0;
    .port_info 0 /INPUT 1 "clk";
    .port_info 1 /INPUT 4 "MajorOpcode_in";
    .port_info 2 /INPUT 5 "Source1_in";
    .port_info 3 /INPUT 5 "Source2_in";
    .port_info 4 /INPUT 2 "OffsetScale_in";
    .port_info 5 /INPUT 5 "Destination_in";
    .port_info 6 /INPUT 4 "MinorOpcode_in";
    .port_info 7 /INPUT 1 "HasAddress_in";
    .port_info 8 /INPUT 48 "Address_in";
    .port_info 9 /INPUT 1 "OffsetSub_in";
    .port_info 10 /INPUT 1 "stall_in";
    .port_info 11 /OUTPUT 4 "MajorOpcode_out";
    .port_info 12 /OUTPUT 5 "Source1_out";
    .port_info 13 /OUTPUT 5 "Source2_out";
    .port_info 14 /OUTPUT 2 "OffsetScale_out";
    .port_info 15 /OUTPUT 5 "Destination_out";
    .port_info 16 /OUTPUT 4 "MinorOpcode_out";
    .port_info 17 /OUTPUT 1 "HasAddress_out";
    .port_info 18 /OUTPUT 48 "Address_out";
    .port_info 19 /OUTPUT 1 "OffsetSub_out";
    .port_info 20 /OUTPUT 1 "stall_out";
v0x55eba8caada0_0 .net "Address_in", 47 0, v0x55eba8cd9a60_0;  1 drivers
v0x55eba8cd8370_0 .var "Address_out", 47 0;
v0x55eba8cd8450_0 .net "Destination_in", 4 0, v0x55eba8cd9be0_0;  1 drivers
v0x55eba8cd8510_0 .var "Destination_out", 4 0;
v0x55eba8cd85f0_0 .net "HasAddress_in", 0 0, v0x55eba8cd9d20_0;  1 drivers
v0x55eba8cd8700_0 .var "HasAddress_out", 0 0;
v0x55eba8cd87c0_0 .net "MajorOpcode_in", 3 0, v0x55eba8cd9e60_0;  1 drivers
v0x55eba8cd88a0_0 .var "MajorOpcode_out", 3 0;
v0x55eba8cd8980_0 .net "MinorOpcode_in", 3 0, v0x55eba8cd9fa0_0;  1 drivers
v0x55eba8cd8a60_0 .var "MinorOpcode_out", 3 0;
v0x55eba8cd8b40_0 .net "OffsetScale_in", 1 0, v0x55eba8cda110_0;  1 drivers
v0x55eba8cd8c20_0 .var "OffsetScale_out", 1 0;
v0x55eba8cd8d00_0 .net "OffsetSub_in", 0 0, v0x55eba8cda2a0_0;  1 drivers
v0x55eba8cd8dc0_0 .var "OffsetSub_out", 0 0;
v0x55eba8cd8e80_0 .net "Source1_in", 4 0, v0x55eba8cda440_0;  1 drivers
v0x55eba8cd8f60_0 .var "Source1_out", 4 0;
v0x55eba8cd9040_0 .net "Source2_in", 4 0, v0x55eba8cda5b0_0;  1 drivers
v0x55eba8cd9120_0 .var "Source2_out", 4 0;
v0x55eba8cd9200_0 .net "clk", 0 0, v0x55eba8cda7e0_0;  1 drivers
v0x55eba8cd92c0_0 .var/i "counter", 31 0;
v0x55eba8cd93a0_0 .var/i "end_idx", 31 0;
v0x55eba8cd9480_0 .var "instruction", 75 0;
v0x55eba8cd9560_0 .net "stall_in", 0 0, v0x55eba8cda8b0_0;  1 drivers
v0x55eba8cd9620_0 .var "stall_out", 0 0;
v0x55eba8cd96e0_0 .var/i "start_idx", 31 0;
E_0x55eba8cb9440 .event posedge, v0x55eba8cd9200_0;
    .scope S_0x55eba8cbc180;
T_0 ;
    %pushi/vec4 0, 0, 32;
    %store/vec4 v0x55eba8cd96e0_0, 0, 32;
    %pushi/vec4 0, 0, 32;
    %store/vec4 v0x55eba8cd93a0_0, 0, 32;
    %pushi/vec4 0, 0, 32;
    %store/vec4 v0x55eba8cd92c0_0, 0, 32;
    %end;
    .thread T_0;
    .scope S_0x55eba8cbc180;
T_1 ;
    %wait E_0x55eba8cb9440;
    %load/vec4 v0x55eba8cd9560_0;
    %assign/vec4 v0x55eba8cd9620_0, 0;
    %load/vec4 v0x55eba8cd87c0_0;
    %load/vec4 v0x55eba8cd8e80_0;
    %concat/vec4; draw_concat_vec4
    %load/vec4 v0x55eba8cd9040_0;
    %concat/vec4; draw_concat_vec4
    %load/vec4 v0x55eba8cd8b40_0;
    %concat/vec4; draw_concat_vec4
    %load/vec4 v0x55eba8cd8450_0;
    %concat/vec4; draw_concat_vec4
    %load/vec4 v0x55eba8cd8980_0;
    %concat/vec4; draw_concat_vec4
    %load/vec4 v0x55eba8cd85f0_0;
    %concat/vec4; draw_concat_vec4
    %load/vec4 v0x55eba8caada0_0;
    %concat/vec4; draw_concat_vec4
    %load/vec4 v0x55eba8cd8d00_0;
    %concat/vec4; draw_concat_vec4
    %load/vec4 v0x55eba8cd9560_0;
    %concat/vec4; draw_concat_vec4
    %assign/vec4 v0x55eba8cd9480_0, 0;
    %vpi_call 3 58 "$display", "instruction bits: %b", v0x55eba8cd9480_0 {0 0 0};
    %jmp T_1;
    .thread T_1;
    .scope S_0x55eba8c7e950;
T_2 ;
    %pushi/vec4 0, 0, 1;
    %store/vec4 v0x55eba8cda7e0_0, 0, 1;
    %pushi/vec4 0, 0, 32;
    %store/vec4 v0x55eba8cdaa50_0, 0, 32;
    %end;
    .thread T_2;
    .scope S_0x55eba8c7e950;
T_3 ;
    %delay 1, 0;
    %load/vec4 v0x55eba8cda7e0_0;
    %nor/r;
    %store/vec4 v0x55eba8cda7e0_0, 0, 1;
    %jmp T_3;
    .thread T_3;
    .scope S_0x55eba8c7e950;
T_4 ;
    %wait E_0x55eba8cb9440;
    %load/vec4 v0x55eba8cdaa50_0;
    %cmpi/e 0, 0, 32;
    %jmp/0xz  T_4.0, 4;
    %pushi/vec4 10, 0, 4;
    %assign/vec4 v0x55eba8cd9e60_0, 0;
    %pushi/vec4 31, 0, 5;
    %assign/vec4 v0x55eba8cda440_0, 0;
    %pushi/vec4 14, 0, 5;
    %assign/vec4 v0x55eba8cda5b0_0, 0;
    %pushi/vec4 3, 0, 2;
    %assign/vec4 v0x55eba8cda110_0, 0;
    %pushi/vec4 27, 0, 5;
    %assign/vec4 v0x55eba8cd9be0_0, 0;
    %pushi/vec4 9, 0, 4;
    %assign/vec4 v0x55eba8cd9fa0_0, 0;
    %pushi/vec4 1, 0, 1;
    %assign/vec4 v0x55eba8cd9d20_0, 0;
    %pushi/vec4 98, 0, 48;
    %assign/vec4 v0x55eba8cd9a60_0, 0;
    %pushi/vec4 1, 0, 1;
    %assign/vec4 v0x55eba8cda2a0_0, 0;
    %pushi/vec4 1, 0, 1;
    %assign/vec4 v0x55eba8cda8b0_0, 0;
T_4.0 ;
    %jmp T_4;
    .thread T_4;
# The file index is used to find the file name in the following table.
:file_names 4;
    "N/A";
    "<interactive>";
    "iq_testbench.v";
    "./instruction_queue.v";
